/*C4*/SET SCHEMA PUBLIC
CONNECT USER SA
/*C5*/SET SCHEMA PUBLIC
CONNECT USER SA
INSERT INTO PESSOA VALUES('123','alisson pereira','111.111.111-11','33','mae','pai','Masculino')
DISCONNECT
/*C4*/DISCONNECT
/*C6*/SET SCHEMA PUBLIC
CONNECT USER SA
DISCONNECT
/*C7*/SET SCHEMA PUBLIC
CONNECT USER SA
DISCONNECT
/*C8*/SET SCHEMA PUBLIC
CONNECT USER SA
DISCONNECT
/*C9*/SET SCHEMA PUBLIC
CONNECT USER SA
CREATE \u0009TABLE\u0009\u0009\u0009\u0009FICHA\u000a\u0009(\u000a\u0009codigo\u0009\u0009\u0009\u0009varchar(10)\u000a\u0009\u0009\u0009\u0009\u0009NOT NULL\u000a\u0009\u0009\u0009\u0009\u0009,\u000a\u0009regSus\u0009\u0009\u0009\u0009varchar(20)\u000a\u0009\u0009\u0009\u0009\u0009NOT NULL\u000a\u0009\u0009\u0009\u0009\u0009,\u000a\u0009nomeDoenca\u0009\u0009\u0009\u0009varchar(50)\u000a\u0009\u0009\u0009\u0009\u0009NOT NULL\u000a\u0009\u0009\u0009\u0009\u0009,\u000a\u0009tipoSangue\u0009\u0009\u0009\u0009varchar(10)\u000a\u0009\u0009\u0009\u0009\u0009NOT NULL\u000a\u0009\u0009\u0009\u0009\u0009,\u000a\u0009altura\u0009\u0009\u0009\u0009varchar(20)\u000a\u0009\u0009\u0009\u0009\u0009NOT NULL\u000a\u0009\u0009\u0009\u0009\u0009,\u000a\u0009peso\u0009\u0009\u0009\u0009varchar(20)\u000a\u0009\u0009\u0009\u0009\u0009NOT NULL\u000a\u0009)\u000a
/*C10*/SET SCHEMA PUBLIC
CONNECT USER SA
INSERT INTO FICHA VALUES('123','123313131313131','GRIPE','A+','1,77','88')
DISCONNECT
/*C9*/DISCONNECT
