CREATE USER SA PASSWORD "" ADMIN
/*C1*/SET SCHEMA PUBLIC
CONNECT USER SA
CREATE\u0009TABLE\u0009\u0009\u0009\u0009CIDADES\u000a\u0009(\u000a\u0009cidade\u0009\u0009\u0009\u0009varchar(50)\u000a\u0009\u0009\u0009\u0009\u0009NOT NULL\u000a\u0009\u0009\u0009\u0009\u0009,\u000a\u0009estado\u0009\u0009\u0009\u0009varchar(2)\u000a\u0009\u0009\u0009\u0009\u0009NOT NULL\u000a\u0009\u0009\u0009\u0009\u0009,\u000a\u0009pais\u0009\u0009\u0009\u0009varchar(20)\u000a\u0009\u0009\u0009\u0009\u0009NOT NULL\u000a\u0009\u0009\u0009\u0009\u0009,\u000a\u0009\u0009\u0009\u0009\u0009CONSTRAINT cidades_pk\u000a\u0009\u0009\u0009\u0009\u0009\u0009PRIMARY KEY(cidade, estado, pais)\u000a\u0009)\u000a
\u000aCREATE TABLE PESSOA \u000a\u0009\u0009( codigo varchar(10)\u000a\u0009\u0009\u0009NOT NULL\u000a\u0009\u0009\u0009\u0009\u0009PRIMARY KEY,\u000a\u0009\u0009nome varchar(100)\u000a\u0009\u0009\u0009NOT NULL,\u000a\u0009\u0009\u000a\u0009\u0009cpf varchar(20)\u000a\u0009\u0009\u0009NOT NULL,\u0009\u000a\u0009\u0009idade varchar(3)\u000a\u0009\u0009\u0009NOT NULL,\u000a\u0009\u0009nomeMae varchar(100),\u000a\u0009\u0009nomePai varchar(100),\u000a\u0009\u0009sexo varchar(20))\u000a
\u000aCREATE\u0009TABLE\u0009\u0009\u0009\u0009LOCALIZACAO\u000a\u0009(\u000a\u0009codigo\u0009\u0009\u0009\u0009varchar(10)\u000a\u0009\u0009\u0009\u0009\u0009NOT NULL\u000a\u0009\u0009\u0009\u0009\u0009,\u000a\u0009\u0009\u0009\u0009\u0009\u000a\u0009bairro\u0009\u0009\u0009\u0009varchar(50)\u000a\u0009\u0009\u0009\u0009\u0009NOT NULL\u000a\u0009\u0009\u0009\u0009\u0009,\u000a\u0009cidade\u0009\u0009\u0009\u0009varchar(50)\u000a\u0009\u0009\u0009\u0009\u0009NOT NULL\u000a\u0009\u0009\u0009\u0009\u0009,\u000a\u0009estado\u0009\u0009\u0009\u0009varchar(3)\u000a\u0009\u0009\u0009\u0009\u0009NOT NULL\u000a\u0009\u0009\u0009\u0009\u0009,\u000a\u0009pais\u0009\u0009\u0009\u0009varchar(20)\u000a\u0009\u0009\u0009\u0009\u0009NOT NULL\u000a\u0009\u0009\u0009\u0009\u0009,\u000a\u0009\u0009\u0009\u0009\u0009\u000a\u0009\u0009\u0009\u0009\u0009\u000a\u0009email\u0009\u0009\u0009\u0009varchar(20)\u000a\u0009\u0009\u0009\u0009\u0009,\u000a\u0009telefone\u0009\u0009\u0009varchar(20)\u000a\u0009)\u000a
\u000a\u000aCREATE\u0009TABLE\u0009\u0009\u0009\u0009FICHA\u000a\u0009(\u000a\u0009codigo\u0009\u0009\u0009\u0009varchar(10)\u000a\u0009\u0009\u0009\u0009\u0009NOT NULL\u000a\u0009\u0009\u0009\u0009\u0009,\u000a\u0009regSus\u0009\u0009\u0009\u0009varchar(20)\u000a\u0009\u0009\u0009\u0009\u0009NOT NULL\u000a\u0009\u0009\u0009\u0009\u0009,\u000a\u0009nomeDoenca\u0009\u0009\u0009varchar(50)\u000a\u0009\u0009\u0009\u0009\u0009NOT NULL\u000a\u0009\u0009\u0009\u0009\u0009,\u000a\u0009tipoSangue\u0009\u0009\u0009varchar(10)\u000a\u0009\u0009\u0009\u0009\u0009NOT NULL\u000a\u0009\u0009\u0009\u0009\u0009,\u000a\u0009altura\u0009\u0009\u0009\u0009varchar(20)\u000a\u0009\u0009\u0009\u0009\u0009NOT NULL\u000a\u0009\u0009\u0009\u0009\u0009,\u000a\u0009peso\u0009\u0009\u0009\u0009varchar(20)\u000a\u0009\u0009\u0009\u0009\u0009NOT NULL\u000a\u0009)\u000a
/*C2*/SET SCHEMA PUBLIC
CONNECT USER SA
INSERT INTO PESSOA VALUES('66','novato','231.424.445-55','22','MARIA','PEDRO','Masculino')
DISCONNECT
/*C3*/SET SCHEMA PUBLIC
CONNECT USER SA
INSERT INTO LOCALIZACAO VALUES('66','PROSPERA','CRICIUMA','AC  \u0009','Brasil','NOVATO@UNESC.NET','(48)988775555')
DISCONNECT
/*C4*/SET SCHEMA PUBLIC
CONNECT USER SA
INSERT INTO FICHA VALUES('66','876655544444433','FEBRE','A+','1,76','70')
DISCONNECT
/*C5*/SET SCHEMA PUBLIC
CONNECT USER SA
INSERT INTO PESSOA VALUES('77','CARLOS','212.313.331-23','33','MARIA','JOAO','Masculino')
DISCONNECT
/*C6*/SET SCHEMA PUBLIC
CONNECT USER SA
DISCONNECT
/*C7*/SET SCHEMA PUBLIC
CONNECT USER SA
DISCONNECT
/*C8*/SET SCHEMA PUBLIC
CONNECT USER SA
DISCONNECT
/*C9*/SET SCHEMA PUBLIC
CONNECT USER SA
DISCONNECT
/*C10*/SET SCHEMA PUBLIC
CONNECT USER SA
DISCONNECT
/*C11*/SET SCHEMA PUBLIC
CONNECT USER SA
DISCONNECT
/*C12*/SET SCHEMA PUBLIC
CONNECT USER SA
DISCONNECT
/*C13*/SET SCHEMA PUBLIC
CONNECT USER SA
DISCONNECT
/*C14*/SET SCHEMA PUBLIC
CONNECT USER SA
DISCONNECT
/*C15*/SET SCHEMA PUBLIC
CONNECT USER SA
DISCONNECT
/*C1*/DELETE FROM PESSOA WHERE CODIGO='66'
DELETE FROM FICHA WHERE CODIGO='66' AND REGSUS='876655544444433' AND NOMEDOENCA='FEBRE' AND TIPOSANGUE='A+' AND ALTURA='1,76' AND PESO='70'
DELETE FROM LOCALIZACAO WHERE CODIGO='66' AND BAIRRO='PROSPERA' AND CIDADE='CRICIUMA' AND ESTADO='AC  \u0009' AND PAIS='Brasil' AND EMAIL='NOVATO@UNESC.NET' AND TELEFONE='(48)988775555'
DISCONNECT
